This file contains any messages produced by compilers while
running configure, to aid debugging if configure makes a mistake.

It was created by guvcview configure 2.0.5, which was
generated by GNU Autoconf 2.69.  Invocation command line was

  $ ./configure 

## --------- ##
## Platform. ##
## --------- ##

hostname = clay-TECRA-R850
uname -m = x86_64
uname -r = 4.15.0-23-generic
uname -s = Linux
uname -v = #25-Ubuntu SMP Wed May 23 18:02:16 UTC 2018

/usr/bin/uname -p = unknown
/bin/uname -X     = unknown

/bin/arch              = unknown
/usr/bin/arch -k       = unknown
/usr/convex/getsysinfo = unknown
/usr/bin/hostinfo      = unknown
/bin/machine           = unknown
/usr/bin/oslevel       = unknown
/bin/universe          = unknown

PATH: /usr/local/sbin
PATH: /usr/local/bin
PATH: /usr/sbin
PATH: /usr/bin
PATH: /sbin
PATH: /bin
PATH: /usr/games
PATH: /usr/local/games
PATH: /snap/bin


## ----------- ##
## Core tests. ##
## ----------- ##

configure:2573: checking whether make supports nested variables
configure:2590: result: yes
configure:2647: checking for a BSD-compatible install
configure:2715: result: /usr/bin/install -c
configure:2726: checking whether build environment is sane
configure:2781: result: yes
configure:2932: checking for a thread-safe mkdir -p
configure:2971: result: /bin/mkdir -p
configure:2978: checking for gawk
configure:2994: found /usr/bin/gawk
configure:3005: result: gawk
configure:3016: checking whether make sets $(MAKE)
configure:3038: result: yes
configure:3175: checking whether to enable maintainer-specific portions of Makefiles
configure:3184: result: no
configure:3263: checking for clang
configure:3279: found /usr/bin/clang
configure:3290: result: clang
configure:3321: checking for C compiler version
configure:3330: clang --version >&5
clang version 6.0.0-1ubuntu2 (tags/RELEASE_600/final)
Target: x86_64-pc-linux-gnu
Thread model: posix
InstalledDir: /usr/bin
configure:3341: $? = 0
configure:3330: clang -v >&5
clang version 6.0.0-1ubuntu2 (tags/RELEASE_600/final)
Target: x86_64-pc-linux-gnu
Thread model: posix
InstalledDir: /usr/bin
Found candidate GCC installation: /usr/bin/../lib/gcc/i686-linux-gnu/8
Found candidate GCC installation: /usr/bin/../lib/gcc/i686-linux-gnu/8.0.1
Found candidate GCC installation: /usr/bin/../lib/gcc/x86_64-linux-gnu/6
Found candidate GCC installation: /usr/bin/../lib/gcc/x86_64-linux-gnu/6.4.0
Found candidate GCC installation: /usr/bin/../lib/gcc/x86_64-linux-gnu/7
Found candidate GCC installation: /usr/bin/../lib/gcc/x86_64-linux-gnu/7.3.0
... rest of stderr output deleted ...
configure:3341: $? = 0
configure:3330: clang -V >&5
clang: error: argument to '-V' is missing (expected 1 value)
clang: error: no input files
configure:3341: $? = 1
configure:3330: clang -qversion >&5
clang: error: unknown argument: '-qversion'
clang: error: no input files
configure:3341: $? = 1
configure:3361: checking whether the C compiler works
configure:3383: clang    conftest.c  >&5
configure:3387: $? = 0
configure:3435: result: yes
configure:3438: checking for C compiler default output file name
configure:3440: result: a.out
configure:3446: checking for suffix of executables
configure:3453: clang -o conftest    conftest.c  >&5
configure:3457: $? = 0
configure:3479: result: 
configure:3501: checking whether we are cross compiling
configure:3509: clang -o conftest    conftest.c  >&5
configure:3513: $? = 0
configure:3520: ./conftest
configure:3524: $? = 0
configure:3539: result: no
configure:3544: checking for suffix of object files
configure:3566: clang -c   conftest.c >&5
configure:3570: $? = 0
configure:3591: result: o
configure:3595: checking whether we are using the GNU C compiler
configure:3614: clang -c   conftest.c >&5
configure:3614: $? = 0
configure:3623: result: yes
configure:3632: checking whether clang accepts -g
configure:3652: clang -c -g  conftest.c >&5
configure:3652: $? = 0
configure:3693: result: yes
configure:3710: checking for clang option to accept ISO C89
configure:3773: clang  -c -g -O2  conftest.c >&5
configure:3773: $? = 0
configure:3786: result: none needed
configure:3811: checking whether clang understands -c and -o together
configure:3833: clang -c conftest.c -o conftest2.o
configure:3836: $? = 0
configure:3833: clang -c conftest.c -o conftest2.o
configure:3836: $? = 0
configure:3848: result: yes
configure:3876: checking for style of include used by make
configure:3904: result: GNU
configure:3930: checking dependency style of clang
configure:4041: result: gcc3
configure:4115: checking for clang++
configure:4131: found /usr/bin/clang++
configure:4142: result: clang++
configure:4169: checking for C++ compiler version
configure:4178: clang++ --version >&5
clang version 6.0.0-1ubuntu2 (tags/RELEASE_600/final)
Target: x86_64-pc-linux-gnu
Thread model: posix
InstalledDir: /usr/bin
configure:4189: $? = 0
configure:4178: clang++ -v >&5
clang version 6.0.0-1ubuntu2 (tags/RELEASE_600/final)
Target: x86_64-pc-linux-gnu
Thread model: posix
InstalledDir: /usr/bin
Found candidate GCC installation: /usr/bin/../lib/gcc/i686-linux-gnu/8
Found candidate GCC installation: /usr/bin/../lib/gcc/i686-linux-gnu/8.0.1
Found candidate GCC installation: /usr/bin/../lib/gcc/x86_64-linux-gnu/6
Found candidate GCC installation: /usr/bin/../lib/gcc/x86_64-linux-gnu/6.4.0
Found candidate GCC installation: /usr/bin/../lib/gcc/x86_64-linux-gnu/7
Found candidate GCC installation: /usr/bin/../lib/gcc/x86_64-linux-gnu/7.3.0
... rest of stderr output deleted ...
configure:4189: $? = 0
configure:4178: clang++ -V >&5
clang: error: argument to '-V' is missing (expected 1 value)
clang: error: no input files
configure:4189: $? = 1
configure:4178: clang++ -qversion >&5
clang: error: unknown argument: '-qversion'
clang: error: no input files
configure:4189: $? = 1
configure:4193: checking whether we are using the GNU C++ compiler
configure:4212: clang++ -c   conftest.cpp >&5
configure:4212: $? = 0
configure:4221: result: yes
configure:4230: checking whether clang++ accepts -g
configure:4250: clang++ -c -g  conftest.cpp >&5
configure:4250: $? = 0
configure:4291: result: yes
configure:4316: checking dependency style of clang++
configure:4427: result: gcc3
configure:4447: checking whether clang++ understands -c and -o together
configure:4471: clang++ -g -O2 -c conftest.cpp -o conftest2.o >&5
configure:4475: $? = 0
configure:4482: clang++ -g -O2 -c conftest.cpp -o conftest2.o >&5
configure:4486: $? = 0
configure:4494: result: yes
configure:4513: checking how to run the C preprocessor
configure:4544: clang -E  conftest.c
configure:4544: $? = 0
configure:4558: clang -E  conftest.c
conftest.c:12:10: fatal error: 'ac_nonexistent.h' file not found
#include <ac_nonexistent.h>
         ^~~~~~~~~~~~~~~~~~
1 error generated.
configure:4558: $? = 1
configure: failed program was:
| /* confdefs.h */
| #define PACKAGE_NAME "guvcview"
| #define PACKAGE_TARNAME "guvcview"
| #define PACKAGE_VERSION "2.0.5"
| #define PACKAGE_STRING "guvcview 2.0.5"
| #define PACKAGE_BUGREPORT "http://guvcview.sourceforge.net/"
| #define PACKAGE_URL ""
| #define PACKAGE_RELEASE "2"
| #define PACKAGE "guvcview"
| #define VERSION "2.0.5"
| /* end confdefs.h.  */
| #include <ac_nonexistent.h>
configure:4583: result: clang -E
configure:4603: clang -E  conftest.c
configure:4603: $? = 0
configure:4617: clang -E  conftest.c
conftest.c:12:10: fatal error: 'ac_nonexistent.h' file not found
#include <ac_nonexistent.h>
         ^~~~~~~~~~~~~~~~~~
1 error generated.
configure:4617: $? = 1
configure: failed program was:
| /* confdefs.h */
| #define PACKAGE_NAME "guvcview"
| #define PACKAGE_TARNAME "guvcview"
| #define PACKAGE_VERSION "2.0.5"
| #define PACKAGE_STRING "guvcview 2.0.5"
| #define PACKAGE_BUGREPORT "http://guvcview.sourceforge.net/"
| #define PACKAGE_URL ""
| #define PACKAGE_RELEASE "2"
| #define PACKAGE "guvcview"
| #define VERSION "2.0.5"
| /* end confdefs.h.  */
| #include <ac_nonexistent.h>
configure:4646: checking for grep that handles long lines and -e
configure:4704: result: /bin/grep
configure:4709: checking for egrep
configure:4771: result: /bin/grep -E
configure:4776: checking for ANSI C header files
configure:4796: clang -c -g -O2  conftest.c >&5
configure:4796: $? = 0
configure:4869: clang -o conftest -g -O2   conftest.c  >&5
configure:4869: $? = 0
configure:4869: ./conftest
configure:4869: $? = 0
configure:4880: result: yes
configure:4917: checking build system type
configure:4931: result: x86_64-pc-linux-gnu
configure:4951: checking host system type
configure:4964: result: x86_64-pc-linux-gnu
configure:5005: checking how to print strings
configure:5032: result: printf
configure:5053: checking for a sed that does not truncate output
configure:5117: result: /bin/sed
configure:5135: checking for fgrep
configure:5197: result: /bin/grep -F
configure:5232: checking for ld used by clang
configure:5299: result: /usr/bin/ld
configure:5306: checking if the linker (/usr/bin/ld) is GNU ld
configure:5321: result: yes
configure:5333: checking for BSD- or MS-compatible name lister (nm)
configure:5387: result: /usr/bin/nm -B
configure:5517: checking the name lister (/usr/bin/nm -B) interface
configure:5524: clang -c -g -O2  conftest.c >&5
configure:5527: /usr/bin/nm -B "conftest.o"
configure:5530: output
0000000000000000 B some_variable
configure:5537: result: BSD nm
configure:5540: checking whether ln -s works
configure:5544: result: yes
configure:5552: checking the maximum length of command line arguments
configure:5683: result: 1572864
configure:5731: checking how to convert x86_64-pc-linux-gnu file names to x86_64-pc-linux-gnu format
configure:5771: result: func_convert_file_noop
configure:5778: checking how to convert x86_64-pc-linux-gnu file names to toolchain format
configure:5798: result: func_convert_file_noop
configure:5805: checking for /usr/bin/ld option to reload object files
configure:5812: result: -r
configure:5886: checking for objdump
configure:5902: found /usr/bin/objdump
configure:5913: result: objdump
configure:5945: checking how to recognize dependent libraries
configure:6145: result: pass_all
configure:6230: checking for dlltool
configure:6260: result: no
configure:6290: checking how to associate runtime and link libraries
configure:6317: result: printf %s\n
configure:6377: checking for ar
configure:6393: found /usr/bin/ar
configure:6404: result: ar
configure:6441: checking for archiver @FILE support
configure:6458: clang -c -g -O2  conftest.c >&5
configure:6458: $? = 0
configure:6461: ar cru libconftest.a @conftest.lst >&5
ar: `u' modifier ignored since `D' is the default (see `U')
configure:6464: $? = 0
configure:6469: ar cru libconftest.a @conftest.lst >&5
ar: `u' modifier ignored since `D' is the default (see `U')
ar: conftest.o: No such file or directory
configure:6472: $? = 1
configure:6484: result: @
configure:6542: checking for strip
configure:6558: found /usr/bin/strip
configure:6569: result: strip
configure:6641: checking for ranlib
configure:6657: found /usr/bin/ranlib
configure:6668: result: ranlib
configure:6770: checking command to parse /usr/bin/nm -B output from clang object
configure:6923: clang -c -g -O2  conftest.c >&5
configure:6926: $? = 0
configure:6930: /usr/bin/nm -B conftest.o \| sed -n -e 's/^.*[ ]\([ABCDGIRSTW][ABCDGIRSTW]*\)[ ][ ]*\([_A-Za-z][_A-Za-z0-9]*\)$/\1 \2 \2/p' | sed '/ __gnu_lto/d' \> conftest.nm
configure:6933: $? = 0
configure:6999: clang -o conftest -g -O2   conftest.c conftstm.o >&5
configure:7002: $? = 0
configure:7040: result: ok
configure:7087: checking for sysroot
configure:7117: result: no
configure:7124: checking for a working dd
configure:7162: result: /bin/dd
configure:7166: checking how to truncate binary pipes
configure:7181: result: /bin/dd bs=4096 count=1
configure:7317: clang -c -g -O2  conftest.c >&5
configure:7320: $? = 0
configure:7510: checking for mt
configure:7526: found /bin/mt
configure:7537: result: mt
configure:7560: checking if mt is a manifest tool
configure:7566: mt '-?'
configure:7574: result: no
configure:8251: checking for sys/types.h
configure:8251: clang -c -g -O2  conftest.c >&5
configure:8251: $? = 0
configure:8251: result: yes
configure:8251: checking for sys/stat.h
configure:8251: clang -c -g -O2  conftest.c >&5
configure:8251: $? = 0
configure:8251: result: yes
configure:8251: checking for stdlib.h
configure:8251: clang -c -g -O2  conftest.c >&5
configure:8251: $? = 0
configure:8251: result: yes
configure:8251: checking for string.h
configure:8251: clang -c -g -O2  conftest.c >&5
configure:8251: $? = 0
configure:8251: result: yes
configure:8251: checking for memory.h
configure:8251: clang -c -g -O2  conftest.c >&5
configure:8251: $? = 0
configure:8251: result: yes
configure:8251: checking for strings.h
configure:8251: clang -c -g -O2  conftest.c >&5
configure:8251: $? = 0
configure:8251: result: yes
configure:8251: checking for inttypes.h
configure:8251: clang -c -g -O2  conftest.c >&5
configure:8251: $? = 0
configure:8251: result: yes
configure:8251: checking for stdint.h
configure:8251: clang -c -g -O2  conftest.c >&5
configure:8251: $? = 0
configure:8251: result: yes
configure:8251: checking for unistd.h
configure:8251: clang -c -g -O2  conftest.c >&5
configure:8251: $? = 0
configure:8251: result: yes
configure:8265: checking for dlfcn.h
configure:8265: clang -c -g -O2  conftest.c >&5
configure:8265: $? = 0
configure:8265: result: yes
configure:8532: checking for objdir
configure:8547: result: .libs
configure:8811: checking if clang supports -fno-rtti -fno-exceptions
configure:8829: clang -c -g -O2  -fno-rtti -fno-exceptions conftest.c >&5
configure:8833: $? = 0
configure:8846: result: yes
configure:9204: checking for clang option to produce PIC
configure:9211: result: -fPIC -DPIC
configure:9219: checking if clang PIC flag -fPIC -DPIC works
configure:9237: clang -c -g -O2  -fPIC -DPIC -DPIC conftest.c >&5
configure:9241: $? = 0
configure:9254: result: yes
configure:9283: checking if clang static flag -static works
configure:9311: result: yes
configure:9326: checking if clang supports -c -o file.o
configure:9347: clang -c -g -O2  -o out/conftest2.o conftest.c >&5
configure:9351: $? = 0
configure:9373: result: yes
configure:9381: checking if clang supports -c -o file.o
configure:9428: result: yes
configure:9461: checking whether the clang linker (/usr/bin/ld -m elf_x86_64) supports shared libraries
configure:10724: result: yes
configure:10761: checking whether -lc should be explicitly linked in
configure:10769: clang -c -g -O2  conftest.c >&5
configure:10772: $? = 0
configure:10787: clang -shared  -fPIC -DPIC conftest.o  -v -Wl,-soname -Wl,conftest -o conftest 2\>\&1 \| /bin/grep  -lc  \>/dev/null 2\>\&1
configure:10790: $? = 0
configure:10804: result: no
configure:10964: checking dynamic linker characteristics
configure:11545: clang -o conftest -g -O2   -Wl,-rpath -Wl,/foo conftest.c  >&5
configure:11545: $? = 0
configure:11794: result: GNU/Linux ld.so
configure:11916: checking how to hardcode library paths into programs
configure:11941: result: immediate
configure:12489: checking whether stripping libraries is possible
configure:12494: result: yes
configure:12529: checking if libtool supports shared libraries
configure:12531: result: yes
configure:12534: checking whether to build shared libraries
configure:12559: result: yes
configure:12562: checking whether to build static libraries
configure:12566: result: yes
configure:12589: checking how to run the C++ preprocessor
configure:12616: clang++ -E  conftest.cpp
configure:12616: $? = 0
configure:12630: clang++ -E  conftest.cpp
conftest.cpp:24:10: fatal error: 'ac_nonexistent.h' file not found
#include <ac_nonexistent.h>
         ^~~~~~~~~~~~~~~~~~
1 error generated.
configure:12630: $? = 1
configure: failed program was:
| /* confdefs.h */
| #define PACKAGE_NAME "guvcview"
| #define PACKAGE_TARNAME "guvcview"
| #define PACKAGE_VERSION "2.0.5"
| #define PACKAGE_STRING "guvcview 2.0.5"
| #define PACKAGE_BUGREPORT "http://guvcview.sourceforge.net/"
| #define PACKAGE_URL ""
| #define PACKAGE_RELEASE "2"
| #define PACKAGE "guvcview"
| #define VERSION "2.0.5"
| #define STDC_HEADERS 1
| #define HAVE_SYS_TYPES_H 1
| #define HAVE_SYS_STAT_H 1
| #define HAVE_STDLIB_H 1
| #define HAVE_STRING_H 1
| #define HAVE_MEMORY_H 1
| #define HAVE_STRINGS_H 1
| #define HAVE_INTTYPES_H 1
| #define HAVE_STDINT_H 1
| #define HAVE_UNISTD_H 1
| #define HAVE_DLFCN_H 1
| #define LT_OBJDIR ".libs/"
| /* end confdefs.h.  */
| #include <ac_nonexistent.h>
configure:12655: result: clang++ -E
configure:12675: clang++ -E  conftest.cpp
configure:12675: $? = 0
configure:12689: clang++ -E  conftest.cpp
conftest.cpp:24:10: fatal error: 'ac_nonexistent.h' file not found
#include <ac_nonexistent.h>
         ^~~~~~~~~~~~~~~~~~
1 error generated.
configure:12689: $? = 1
configure: failed program was:
| /* confdefs.h */
| #define PACKAGE_NAME "guvcview"
| #define PACKAGE_TARNAME "guvcview"
| #define PACKAGE_VERSION "2.0.5"
| #define PACKAGE_STRING "guvcview 2.0.5"
| #define PACKAGE_BUGREPORT "http://guvcview.sourceforge.net/"
| #define PACKAGE_URL ""
| #define PACKAGE_RELEASE "2"
| #define PACKAGE "guvcview"
| #define VERSION "2.0.5"
| #define STDC_HEADERS 1
| #define HAVE_SYS_TYPES_H 1
| #define HAVE_SYS_STAT_H 1
| #define HAVE_STDLIB_H 1
| #define HAVE_STRING_H 1
| #define HAVE_MEMORY_H 1
| #define HAVE_STRINGS_H 1
| #define HAVE_INTTYPES_H 1
| #define HAVE_STDINT_H 1
| #define HAVE_UNISTD_H 1
| #define HAVE_DLFCN_H 1
| #define LT_OBJDIR ".libs/"
| /* end confdefs.h.  */
| #include <ac_nonexistent.h>
configure:12851: checking for ld used by clang++
configure:12918: result: /usr/bin/ld -m elf_x86_64
configure:12925: checking if the linker (/usr/bin/ld -m elf_x86_64) is GNU ld
configure:12940: result: yes
configure:12995: checking whether the clang++ linker (/usr/bin/ld -m elf_x86_64) supports shared libraries
configure:14068: result: yes
configure:14104: clang++ -c -g -O2  conftest.cpp >&5
configure:14107: $? = 0
configure:14588: checking for clang++ option to produce PIC
configure:14595: result: -fPIC -DPIC
configure:14603: checking if clang++ PIC flag -fPIC -DPIC works
configure:14621: clang++ -c -g -O2  -fPIC -DPIC -DPIC conftest.cpp >&5
configure:14625: $? = 0
configure:14638: result: yes
configure:14661: checking if clang++ static flag -static works
configure:14689: result: yes
configure:14701: checking if clang++ supports -c -o file.o
configure:14722: clang++ -c -g -O2  -o out/conftest2.o conftest.cpp >&5
configure:14726: $? = 0
configure:14748: result: yes
configure:14753: checking if clang++ supports -c -o file.o
configure:14800: result: yes
configure:14830: checking whether the clang++ linker (/usr/bin/ld -m elf_x86_64) supports shared libraries
configure:14873: result: yes
configure:15014: checking dynamic linker characteristics
configure:15771: result: GNU/Linux ld.so
configure:15836: checking how to hardcode library paths into programs
configure:15861: result: immediate
configure:15930: checking for special C compiler options needed for large files
configure:15975: result: no
configure:15981: checking for _FILE_OFFSET_BITS value needed for large files
configure:16006: clang -c -g -O2  conftest.c >&5
configure:16006: $? = 0
configure:16038: result: no
configure:16124: checking whether build environment is sane
configure:16179: result: yes
configure:16358: checking for the pthreads library -lpthreads
configure:16391: clang -o conftest -g -O2    conftest.c -lpthreads  >&5
conftest.c:29:41: warning: null passed to a callee that requires a non-null argument [-Wnonnull]
                     pthread_attr_init(0); pthread_cleanup_push(0, 0);
                                       ~^
conftest.c:30:44: warning: null passed to a callee that requires a non-null argument [-Wnonnull]
                     pthread_create(0,0,0,0); pthread_cleanup_pop(0);
                                    ~      ^
conftest.c:30:44: warning: null passed to a callee that requires a non-null argument [-Wnonnull]
                     pthread_create(0,0,0,0); pthread_cleanup_pop(0);
                                        ~  ^
3 warnings generated.
/usr/bin/ld: cannot find -lpthreads
clang: error: linker command failed with exit code 1 (use -v to see invocation)
configure:16391: $? = 1
configure: failed program was:
| /* confdefs.h */
| #define PACKAGE_NAME "guvcview"
| #define PACKAGE_TARNAME "guvcview"
| #define PACKAGE_VERSION "2.0.5"
| #define PACKAGE_STRING "guvcview 2.0.5"
| #define PACKAGE_BUGREPORT "http://guvcview.sourceforge.net/"
| #define PACKAGE_URL ""
| #define PACKAGE_RELEASE "2"
| #define PACKAGE "guvcview"
| #define VERSION "2.0.5"
| #define STDC_HEADERS 1
| #define HAVE_SYS_TYPES_H 1
| #define HAVE_SYS_STAT_H 1
| #define HAVE_STDLIB_H 1
| #define HAVE_STRING_H 1
| #define HAVE_MEMORY_H 1
| #define HAVE_STRINGS_H 1
| #define HAVE_INTTYPES_H 1
| #define HAVE_STDINT_H 1
| #define HAVE_UNISTD_H 1
| #define HAVE_DLFCN_H 1
| #define LT_OBJDIR ".libs/"
| /* end confdefs.h.  */
| #include <pthread.h>
| int
| main ()
| {
| pthread_t th; pthread_join(th, 0);
|                      pthread_attr_init(0); pthread_cleanup_push(0, 0);
|                      pthread_create(0,0,0,0); pthread_cleanup_pop(0);
|   ;
|   return 0;
| }
configure:16400: result: no
configure:16303: checking whether pthreads work without any flags
configure:16391: clang -o conftest -g -O2    conftest.c   >&5
conftest.c:29:41: warning: null passed to a callee that requires a non-null argument [-Wnonnull]
                     pthread_attr_init(0); pthread_cleanup_push(0, 0);
                                       ~^
conftest.c:30:44: warning: null passed to a callee that requires a non-null argument [-Wnonnull]
                     pthread_create(0,0,0,0); pthread_cleanup_pop(0);
                                    ~      ^
conftest.c:30:44: warning: null passed to a callee that requires a non-null argument [-Wnonnull]
                     pthread_create(0,0,0,0); pthread_cleanup_pop(0);
                                        ~  ^
3 warnings generated.
/tmp/conftest-4165fe.o: In function `main':
/home/clay/Downloads/guvcview-src-2.0.5/conftest.c:28: undefined reference to `pthread_join'
/home/clay/Downloads/guvcview-src-2.0.5/conftest.c:29: undefined reference to `__pthread_register_cancel'
/home/clay/Downloads/guvcview-src-2.0.5/conftest.c:30: undefined reference to `pthread_create'
/home/clay/Downloads/guvcview-src-2.0.5/conftest.c:30: undefined reference to `__pthread_unregister_cancel'
clang: error: linker command failed with exit code 1 (use -v to see invocation)
configure:16391: $? = 1
configure: failed program was:
| /* confdefs.h */
| #define PACKAGE_NAME "guvcview"
| #define PACKAGE_TARNAME "guvcview"
| #define PACKAGE_VERSION "2.0.5"
| #define PACKAGE_STRING "guvcview 2.0.5"
| #define PACKAGE_BUGREPORT "http://guvcview.sourceforge.net/"
| #define PACKAGE_URL ""
| #define PACKAGE_RELEASE "2"
| #define PACKAGE "guvcview"
| #define VERSION "2.0.5"
| #define STDC_HEADERS 1
| #define HAVE_SYS_TYPES_H 1
| #define HAVE_SYS_STAT_H 1
| #define HAVE_STDLIB_H 1
| #define HAVE_STRING_H 1
| #define HAVE_MEMORY_H 1
| #define HAVE_STRINGS_H 1
| #define HAVE_INTTYPES_H 1
| #define HAVE_STDINT_H 1
| #define HAVE_UNISTD_H 1
| #define HAVE_DLFCN_H 1
| #define LT_OBJDIR ".libs/"
| /* end confdefs.h.  */
| #include <pthread.h>
| int
| main ()
| {
| pthread_t th; pthread_join(th, 0);
|                      pthread_attr_init(0); pthread_cleanup_push(0, 0);
|                      pthread_create(0,0,0,0); pthread_cleanup_pop(0);
|   ;
|   return 0;
| }
configure:16400: result: no
configure:16308: checking whether pthreads work with -Kthread
configure:16391: clang -o conftest -g -O2 -Kthread   conftest.c   >&5
clang: error: unknown argument: '-Kthread'
configure:16391: $? = 1
configure: failed program was:
| /* confdefs.h */
| #define PACKAGE_NAME "guvcview"
| #define PACKAGE_TARNAME "guvcview"
| #define PACKAGE_VERSION "2.0.5"
| #define PACKAGE_STRING "guvcview 2.0.5"
| #define PACKAGE_BUGREPORT "http://guvcview.sourceforge.net/"
| #define PACKAGE_URL ""
| #define PACKAGE_RELEASE "2"
| #define PACKAGE "guvcview"
| #define VERSION "2.0.5"
| #define STDC_HEADERS 1
| #define HAVE_SYS_TYPES_H 1
| #define HAVE_SYS_STAT_H 1
| #define HAVE_STDLIB_H 1
| #define HAVE_STRING_H 1
| #define HAVE_MEMORY_H 1
| #define HAVE_STRINGS_H 1
| #define HAVE_INTTYPES_H 1
| #define HAVE_STDINT_H 1
| #define HAVE_UNISTD_H 1
| #define HAVE_DLFCN_H 1
| #define LT_OBJDIR ".libs/"
| /* end confdefs.h.  */
| #include <pthread.h>
| int
| main ()
| {
| pthread_t th; pthread_join(th, 0);
|                      pthread_attr_init(0); pthread_cleanup_push(0, 0);
|                      pthread_create(0,0,0,0); pthread_cleanup_pop(0);
|   ;
|   return 0;
| }
configure:16400: result: no
configure:16308: checking whether pthreads work with -kthread
configure:16391: clang -o conftest -g -O2 -kthread   conftest.c   >&5
clang: error: unknown argument: '-kthread'
configure:16391: $? = 1
configure: failed program was:
| /* confdefs.h */
| #define PACKAGE_NAME "guvcview"
| #define PACKAGE_TARNAME "guvcview"
| #define PACKAGE_VERSION "2.0.5"
| #define PACKAGE_STRING "guvcview 2.0.5"
| #define PACKAGE_BUGREPORT "http://guvcview.sourceforge.net/"
| #define PACKAGE_URL ""
| #define PACKAGE_RELEASE "2"
| #define PACKAGE "guvcview"
| #define VERSION "2.0.5"
| #define STDC_HEADERS 1
| #define HAVE_SYS_TYPES_H 1
| #define HAVE_SYS_STAT_H 1
| #define HAVE_STDLIB_H 1
| #define HAVE_STRING_H 1
| #define HAVE_MEMORY_H 1
| #define HAVE_STRINGS_H 1
| #define HAVE_INTTYPES_H 1
| #define HAVE_STDINT_H 1
| #define HAVE_UNISTD_H 1
| #define HAVE_DLFCN_H 1
| #define LT_OBJDIR ".libs/"
| /* end confdefs.h.  */
| #include <pthread.h>
| int
| main ()
| {
| pthread_t th; pthread_join(th, 0);
|                      pthread_attr_init(0); pthread_cleanup_push(0, 0);
|                      pthread_create(0,0,0,0); pthread_cleanup_pop(0);
|   ;
|   return 0;
| }
configure:16400: result: no
configure:16358: checking for the pthreads library -llthread
configure:16391: clang -o conftest -g -O2    conftest.c -llthread  >&5
conftest.c:29:41: warning: null passed to a callee that requires a non-null argument [-Wnonnull]
                     pthread_attr_init(0); pthread_cleanup_push(0, 0);
                                       ~^
conftest.c:30:44: warning: null passed to a callee that requires a non-null argument [-Wnonnull]
                     pthread_create(0,0,0,0); pthread_cleanup_pop(0);
                                    ~      ^
conftest.c:30:44: warning: null passed to a callee that requires a non-null argument [-Wnonnull]
                     pthread_create(0,0,0,0); pthread_cleanup_pop(0);
                                        ~  ^
3 warnings generated.
/usr/bin/ld: cannot find -llthread
clang: error: linker command failed with exit code 1 (use -v to see invocation)
configure:16391: $? = 1
configure: failed program was:
| /* confdefs.h */
| #define PACKAGE_NAME "guvcview"
| #define PACKAGE_TARNAME "guvcview"
| #define PACKAGE_VERSION "2.0.5"
| #define PACKAGE_STRING "guvcview 2.0.5"
| #define PACKAGE_BUGREPORT "http://guvcview.sourceforge.net/"
| #define PACKAGE_URL ""
| #define PACKAGE_RELEASE "2"
| #define PACKAGE "guvcview"
| #define VERSION "2.0.5"
| #define STDC_HEADERS 1
| #define HAVE_SYS_TYPES_H 1
| #define HAVE_SYS_STAT_H 1
| #define HAVE_STDLIB_H 1
| #define HAVE_STRING_H 1
| #define HAVE_MEMORY_H 1
| #define HAVE_STRINGS_H 1
| #define HAVE_INTTYPES_H 1
| #define HAVE_STDINT_H 1
| #define HAVE_UNISTD_H 1
| #define HAVE_DLFCN_H 1
| #define LT_OBJDIR ".libs/"
| /* end confdefs.h.  */
| #include <pthread.h>
| int
| main ()
| {
| pthread_t th; pthread_join(th, 0);
|                      pthread_attr_init(0); pthread_cleanup_push(0, 0);
|                      pthread_create(0,0,0,0); pthread_cleanup_pop(0);
|   ;
|   return 0;
| }
configure:16400: result: no
configure:16308: checking whether pthreads work with -pthread
configure:16391: clang -o conftest -g -O2 -pthread   conftest.c   >&5
conftest.c:29:41: warning: null passed to a callee that requires a non-null argument [-Wnonnull]
                     pthread_attr_init(0); pthread_cleanup_push(0, 0);
                                       ~^
conftest.c:30:44: warning: null passed to a callee that requires a non-null argument [-Wnonnull]
                     pthread_create(0,0,0,0); pthread_cleanup_pop(0);
                                    ~      ^
conftest.c:30:44: warning: null passed to a callee that requires a non-null argument [-Wnonnull]
                     pthread_create(0,0,0,0); pthread_cleanup_pop(0);
                                        ~  ^
3 warnings generated.
configure:16391: $? = 0
configure:16400: result: yes
configure:16419: checking for joinable pthread attribute
configure:16434: clang -o conftest -g -O2 -pthread   conftest.c   >&5
configure:16434: $? = 0
configure:16440: result: PTHREAD_CREATE_JOINABLE
configure:16450: checking if more special flags are required for pthreads
configure:16457: result: no
configure:16560: checking whether NLS is requested
configure:16569: result: yes
configure:16587: checking for intltool >= 0.40
configure:16589: result: 0.51.0 found
configure:16597: checking for intltool-update
configure:16615: found /usr/bin/intltool-update
configure:16627: result: /usr/bin/intltool-update
configure:16637: checking for intltool-merge
configure:16655: found /usr/bin/intltool-merge
configure:16667: result: /usr/bin/intltool-merge
configure:16677: checking for intltool-extract
configure:16695: found /usr/bin/intltool-extract
configure:16707: result: /usr/bin/intltool-extract
configure:16861: checking for xgettext
configure:16879: found /usr/bin/xgettext
configure:16891: result: /usr/bin/xgettext
configure:16901: checking for msgmerge
configure:16919: found /usr/bin/msgmerge
configure:16931: result: /usr/bin/msgmerge
configure:16941: checking for msgfmt
configure:16959: found /usr/bin/msgfmt
configure:16971: result: /usr/bin/msgfmt
configure:16981: checking for gmsgfmt
configure:17012: result: /usr/bin/msgfmt
configure:17032: checking for perl
configure:17050: found /usr/bin/perl
configure:17062: result: /usr/bin/perl
configure:17073: checking for perl >= 5.8.1
configure:17080: result: 5.26.1
configure:17084: checking for XML::Parser
configure:17087: result: ok
configure:17107: checking locale.h usability
configure:17107: clang -c -g -O2  conftest.c >&5
configure:17107: $? = 0
configure:17107: result: yes
configure:17107: checking locale.h presence
configure:17107: clang -E  conftest.c
configure:17107: $? = 0
configure:17107: result: yes
configure:17107: checking for locale.h
configure:17107: result: yes
configure:17118: checking for LC_MESSAGES
configure:17134: clang -o conftest -g -O2   conftest.c  >&5
configure:17134: $? = 0
configure:17142: result: yes
configure:17159: checking libintl.h usability
configure:17159: clang -c -g -O2  conftest.c >&5
configure:17159: $? = 0
configure:17159: result: yes
configure:17159: checking libintl.h presence
configure:17159: clang -E  conftest.c
configure:17159: $? = 0
configure:17159: result: yes
configure:17159: checking for libintl.h
configure:17159: result: yes
configure:17167: checking for ngettext in libc
configure:17185: clang -o conftest -g -O2   conftest.c  >&5
configure:17185: $? = 0
configure:17194: result: yes
configure:17198: checking for dgettext in libc
configure:17216: clang -o conftest -g -O2   conftest.c  >&5
configure:17216: $? = 0
configure:17225: result: yes
configure:17232: checking for bind_textdomain_codeset
configure:17232: clang -o conftest -g -O2   conftest.c  >&5
configure:17232: $? = 0
configure:17232: result: yes
configure:17508: checking for msgfmt
configure:17535: result: /usr/bin/msgfmt
configure:17546: checking for dcgettext
configure:17546: clang -o conftest -g -O2   conftest.c   >&5
configure:17546: $? = 0
configure:17546: result: yes
configure:17556: checking if msgfmt accepts -c
configure:17571: $MSGFMT -c -o /dev/null conftest.foo
conftest.foo:3: warning: header field 'Language' missing in header
configure:17574: $? = 0
configure:17576: result: yes
configure:17586: checking for gmsgfmt
configure:17617: result: /usr/bin/msgfmt
configure:17627: checking for xgettext
configure:17654: result: /usr/bin/xgettext
configure:17673: clang -o conftest -g -O2   conftest.c   >&5
configure:17673: $? = 0
configure:17755: checking for catalogs to be installed
configure:17780: result:  bg bs cs da de en_AU es eu fo fr gl he hr it ja lv nl pl pt pt_BR ru si sr tr uk zh_TW
configure:17813: checking for ANSI C header files
configure:17917: result: yes
configure:17927: checking math.h usability
configure:17927: clang -c -g -O2  conftest.c >&5
configure:17927: $? = 0
configure:17927: result: yes
configure:17927: checking math.h presence
configure:17927: clang -E  conftest.c
configure:17927: $? = 0
configure:17927: result: yes
configure:17927: checking for math.h
configure:17927: result: yes
configure:17937: checking for exp in -lm
configure:17962: clang -o conftest -g -O2   conftest.c -lm   >&5
conftest.c:42:6: warning: incompatible redeclaration of library function 'exp' [-Wincompatible-library-redeclaration]
char exp ();
     ^
conftest.c:42:6: note: 'exp' is a builtin with type 'double (double)'
1 warning generated.
configure:17962: $? = 0
configure:17971: result: yes
configure:17979: checking for roundf in -lm
configure:18004: clang -o conftest -g -O2   conftest.c -lm   >&5
conftest.c:43:6: warning: incompatible redeclaration of library function 'roundf' [-Wincompatible-library-redeclaration]
char roundf ();
     ^
conftest.c:43:6: note: 'roundf' is a builtin with type 'float (float)'
1 warning generated.
configure:18004: $? = 0
configure:18013: result: yes
configure:18021: checking for pow in -lm
configure:18046: clang -o conftest -g -O2   conftest.c -lm   >&5
conftest.c:44:6: warning: incompatible redeclaration of library function 'pow' [-Wincompatible-library-redeclaration]
char pow ();
     ^
conftest.c:44:6: note: 'pow' is a builtin with type 'double (double, double)'
1 warning generated.
configure:18046: $? = 0
configure:18055: result: yes
configure:18148: checking for pkg-config
configure:18166: found /usr/bin/pkg-config
configure:18178: result: /usr/bin/pkg-config
configure:18203: checking pkg-config is at least version 0.9.0
configure:18206: result: yes
configure:18216: checking for GVIEWV4L2CORE
configure:18223: $PKG_CONFIG --exists --print-errors "libv4l2 libudev libusb-1.0 libavcodec libavutil libpng"
configure:18226: $? = 0
configure:18240: $PKG_CONFIG --exists --print-errors "libv4l2 libudev libusb-1.0 libavcodec libavutil libpng"
configure:18243: $? = 0
configure:18301: result: yes
configure:18313: checking libavcodec/avcodec.h usability
configure:18313: clang -c -g -O2  conftest.c >&5
configure:18313: $? = 0
configure:18313: result: yes
configure:18313: checking libavcodec/avcodec.h presence
configure:18313: clang -E  conftest.c
configure:18313: $? = 0
configure:18313: result: yes
configure:18313: checking for libavcodec/avcodec.h
configure:18313: result: yes
configure:18313: checking ffmpeg/avcodec.h usability
configure:18313: clang -c -g -O2  conftest.c >&5
conftest.c:72:10: fatal error: 'ffmpeg/avcodec.h' file not found
#include <ffmpeg/avcodec.h>
         ^~~~~~~~~~~~~~~~~~
1 error generated.
configure:18313: $? = 1
configure: failed program was:
| /* confdefs.h */
| #define PACKAGE_NAME "guvcview"
| #define PACKAGE_TARNAME "guvcview"
| #define PACKAGE_VERSION "2.0.5"
| #define PACKAGE_STRING "guvcview 2.0.5"
| #define PACKAGE_BUGREPORT "http://guvcview.sourceforge.net/"
| #define PACKAGE_URL ""
| #define PACKAGE_RELEASE "2"
| #define PACKAGE "guvcview"
| #define VERSION "2.0.5"
| #define STDC_HEADERS 1
| #define HAVE_SYS_TYPES_H 1
| #define HAVE_SYS_STAT_H 1
| #define HAVE_STDLIB_H 1
| #define HAVE_STRING_H 1
| #define HAVE_MEMORY_H 1
| #define HAVE_STRINGS_H 1
| #define HAVE_INTTYPES_H 1
| #define HAVE_STDINT_H 1
| #define HAVE_UNISTD_H 1
| #define HAVE_DLFCN_H 1
| #define LT_OBJDIR ".libs/"
| #define HAVE_PTHREAD 1
| #define GETTEXT_PACKAGE_V4L2CORE "gview_v4l2core"
| #define GETTEXT_PACKAGE "guvcview"
| #define HAVE_LOCALE_H 1
| #define HAVE_LC_MESSAGES 1
| #define HAVE_BIND_TEXTDOMAIN_CODESET 1
| #define HAVE_GETTEXT 1
| #define HAVE_DCGETTEXT 1
| #define ENABLE_NLS 1
| #define STDC_HEADERS 1
| #define HAVE_MATH_H 1
| #define HAVE_EXP 1
| #define HAVE_ROUNDF 1
| #define HAVE_POW 1
| #define HAVE_LIBAVCODEC_AVCODEC_H 1
| /* end confdefs.h.  */
| #include <stdio.h>
| #ifdef HAVE_SYS_TYPES_H
| # include <sys/types.h>
| #endif
| #ifdef HAVE_SYS_STAT_H
| # include <sys/stat.h>
| #endif
| #ifdef STDC_HEADERS
| # include <stdlib.h>
| # include <stddef.h>
| #else
| # ifdef HAVE_STDLIB_H
| #  include <stdlib.h>
| # endif
| #endif
| #ifdef HAVE_STRING_H
| # if !defined STDC_HEADERS && defined HAVE_MEMORY_H
| #  include <memory.h>
| # endif
| # include <string.h>
| #endif
| #ifdef HAVE_STRINGS_H
| # include <strings.h>
| #endif
| #ifdef HAVE_INTTYPES_H
| # include <inttypes.h>
| #endif
| #ifdef HAVE_STDINT_H
| # include <stdint.h>
| #endif
| #ifdef HAVE_UNISTD_H
| # include <unistd.h>
| #endif
| #include <ffmpeg/avcodec.h>
configure:18313: result: no
configure:18313: checking ffmpeg/avcodec.h presence
configure:18313: clang -E  conftest.c
conftest.c:39:10: fatal error: 'ffmpeg/avcodec.h' file not found
#include <ffmpeg/avcodec.h>
         ^~~~~~~~~~~~~~~~~~
1 error generated.
configure:18313: $? = 1
configure: failed program was:
| /* confdefs.h */
| #define PACKAGE_NAME "guvcview"
| #define PACKAGE_TARNAME "guvcview"
| #define PACKAGE_VERSION "2.0.5"
| #define PACKAGE_STRING "guvcview 2.0.5"
| #define PACKAGE_BUGREPORT "http://guvcview.sourceforge.net/"
| #define PACKAGE_URL ""
| #define PACKAGE_RELEASE "2"
| #define PACKAGE "guvcview"
| #define VERSION "2.0.5"
| #define STDC_HEADERS 1
| #define HAVE_SYS_TYPES_H 1
| #define HAVE_SYS_STAT_H 1
| #define HAVE_STDLIB_H 1
| #define HAVE_STRING_H 1
| #define HAVE_MEMORY_H 1
| #define HAVE_STRINGS_H 1
| #define HAVE_INTTYPES_H 1
| #define HAVE_STDINT_H 1
| #define HAVE_UNISTD_H 1
| #define HAVE_DLFCN_H 1
| #define LT_OBJDIR ".libs/"
| #define HAVE_PTHREAD 1
| #define GETTEXT_PACKAGE_V4L2CORE "gview_v4l2core"
| #define GETTEXT_PACKAGE "guvcview"
| #define HAVE_LOCALE_H 1
| #define HAVE_LC_MESSAGES 1
| #define HAVE_BIND_TEXTDOMAIN_CODESET 1
| #define HAVE_GETTEXT 1
| #define HAVE_DCGETTEXT 1
| #define ENABLE_NLS 1
| #define STDC_HEADERS 1
| #define HAVE_MATH_H 1
| #define HAVE_EXP 1
| #define HAVE_ROUNDF 1
| #define HAVE_POW 1
| #define HAVE_LIBAVCODEC_AVCODEC_H 1
| /* end confdefs.h.  */
| #include <ffmpeg/avcodec.h>
configure:18313: result: no
configure:18313: checking for ffmpeg/avcodec.h
configure:18313: result: no
configure:18325: checking if you want to use the internal mjpeg decoder over libavcodec 
configure:18335: result: no
configure:18379: checking if you want to enable sdl2 support
configure:18389: result: yes
configure:18396: checking for GVIEWRENDER
configure:18403: $PKG_CONFIG --exists --print-errors "sdl2 >= 2.0"
configure:18406: $? = 0
configure:18420: $PKG_CONFIG --exists --print-errors "sdl2 >= 2.0"
configure:18423: $? = 0
configure:18481: result: yes
configure:18502: checking if you want to enable sfml support
configure:18512: result: no
configure:18625: checking if you want to enable gsl support
configure:18635: result: yes
configure:18643: checking for GSL
configure:18650: $PKG_CONFIG --exists --print-errors "gsl >= 1.15"
configure:18653: $? = 0
configure:18667: $PKG_CONFIG --exists --print-errors "gsl >= 1.15"
configure:18670: $? = 0
configure:18728: result: yes
configure:18777: checking for GVIEWAUDIO
configure:18784: $PKG_CONFIG --exists --print-errors "portaudio-2.0"
configure:18787: $? = 0
configure:18801: $PKG_CONFIG --exists --print-errors "portaudio-2.0"
configure:18804: $? = 0
configure:18862: result: yes
configure:18869: checking if you want to enable pulse support
configure:18879: result: yes
configure:18885: checking for PULSE
configure:18892: $PKG_CONFIG --exists --print-errors "libpulse >= 0.9.15"
configure:18895: $? = 0
configure:18909: $PKG_CONFIG --exists --print-errors "libpulse >= 0.9.15"
configure:18912: $? = 0
configure:18950: result: yes
configure:19008: checking for GVIEWENCODER
configure:19015: $PKG_CONFIG --exists --print-errors "libavcodec, libavutil"
configure:19018: $? = 0
configure:19032: $PKG_CONFIG --exists --print-errors "libavcodec, libavutil"
configure:19035: $? = 0
configure:19093: result: yes
configure:19103: checking for libavutil/version.h
configure:19103: clang -c -g -O2  conftest.c >&5
configure:19103: $? = 0
configure:19103: result: yes
configure:19119: checking if you want to enable gtk3 support
configure:19129: result: yes
configure:19135: checking for GUIGTK3
configure:19142: $PKG_CONFIG --exists --print-errors "gtk+-3.0 >= 3.0.0 glib-2.0 >= 2.10.0"
configure:19145: $? = 0
configure:19159: $PKG_CONFIG --exists --print-errors "gtk+-3.0 >= 3.0.0 glib-2.0 >= 2.10.0"
configure:19162: $? = 0
configure:19200: result: yes
configure:19226: checking if you want to enable qt5 support
configure:19236: result: no
configure:19444: checking for fpathconf
configure:19444: clang -o conftest -g -O2   conftest.c  >&5
configure:19444: $? = 0
configure:19444: result: yes
configure:19444: checking for dirfd
configure:19444: clang -o conftest -g -O2   conftest.c  >&5
configure:19444: $? = 0
configure:19444: result: yes
configure:19454: checking if you want to enable debian menu
configure:19464: result: yes
configure:19476: checking if you want to enable desktop file
configure:19486: result: yes
configure:19499: checking whether byte ordering is bigendian
configure:19514: clang -c -g -O2  conftest.c >&5
conftest.c:47:9: error: unknown type name 'not'
               not a universal capable compiler
               ^
conftest.c:47:14: error: expected ';' after top level declarator
               not a universal capable compiler
                    ^
                    ;
2 errors generated.
configure:19514: $? = 1
configure: failed program was:
| /* confdefs.h */
| #define PACKAGE_NAME "guvcview"
| #define PACKAGE_TARNAME "guvcview"
| #define PACKAGE_VERSION "2.0.5"
| #define PACKAGE_STRING "guvcview 2.0.5"
| #define PACKAGE_BUGREPORT "http://guvcview.sourceforge.net/"
| #define PACKAGE_URL ""
| #define PACKAGE_RELEASE "2"
| #define PACKAGE "guvcview"
| #define VERSION "2.0.5"
| #define STDC_HEADERS 1
| #define HAVE_SYS_TYPES_H 1
| #define HAVE_SYS_STAT_H 1
| #define HAVE_STDLIB_H 1
| #define HAVE_STRING_H 1
| #define HAVE_MEMORY_H 1
| #define HAVE_STRINGS_H 1
| #define HAVE_INTTYPES_H 1
| #define HAVE_STDINT_H 1
| #define HAVE_UNISTD_H 1
| #define HAVE_DLFCN_H 1
| #define LT_OBJDIR ".libs/"
| #define HAVE_PTHREAD 1
| #define GETTEXT_PACKAGE_V4L2CORE "gview_v4l2core"
| #define GETTEXT_PACKAGE "guvcview"
| #define HAVE_LOCALE_H 1
| #define HAVE_LC_MESSAGES 1
| #define HAVE_BIND_TEXTDOMAIN_CODESET 1
| #define HAVE_GETTEXT 1
| #define HAVE_DCGETTEXT 1
| #define ENABLE_NLS 1
| #define STDC_HEADERS 1
| #define HAVE_MATH_H 1
| #define HAVE_EXP 1
| #define HAVE_ROUNDF 1
| #define HAVE_POW 1
| #define HAVE_LIBAVCODEC_AVCODEC_H 1
| #define ENABLE_SDL2 1
| #define HAS_GSL 1
| #define HAS_PULSEAUDIO 1
| #define HAVE_LIBAVUTIL_VERSION_H 1
| #define HAS_GTK3 1
| #define HAVE_FPATHCONF 1
| #define HAVE_DIRFD 1
| /* end confdefs.h.  */
| #ifndef __APPLE_CC__
| 	       not a universal capable compiler
| 	     #endif
| 	     typedef int dummy;
| 
configure:19559: clang -c -g -O2  conftest.c >&5
configure:19559: $? = 0
configure:19577: clang -c -g -O2  conftest.c >&5
conftest.c:53:4: error: use of undeclared identifier 'not'
                 not big endian
                 ^
1 error generated.
configure:19577: $? = 1
configure: failed program was:
| /* confdefs.h */
| #define PACKAGE_NAME "guvcview"
| #define PACKAGE_TARNAME "guvcview"
| #define PACKAGE_VERSION "2.0.5"
| #define PACKAGE_STRING "guvcview 2.0.5"
| #define PACKAGE_BUGREPORT "http://guvcview.sourceforge.net/"
| #define PACKAGE_URL ""
| #define PACKAGE_RELEASE "2"
| #define PACKAGE "guvcview"
| #define VERSION "2.0.5"
| #define STDC_HEADERS 1
| #define HAVE_SYS_TYPES_H 1
| #define HAVE_SYS_STAT_H 1
| #define HAVE_STDLIB_H 1
| #define HAVE_STRING_H 1
| #define HAVE_MEMORY_H 1
| #define HAVE_STRINGS_H 1
| #define HAVE_INTTYPES_H 1
| #define HAVE_STDINT_H 1
| #define HAVE_UNISTD_H 1
| #define HAVE_DLFCN_H 1
| #define LT_OBJDIR ".libs/"
| #define HAVE_PTHREAD 1
| #define GETTEXT_PACKAGE_V4L2CORE "gview_v4l2core"
| #define GETTEXT_PACKAGE "guvcview"
| #define HAVE_LOCALE_H 1
| #define HAVE_LC_MESSAGES 1
| #define HAVE_BIND_TEXTDOMAIN_CODESET 1
| #define HAVE_GETTEXT 1
| #define HAVE_DCGETTEXT 1
| #define ENABLE_NLS 1
| #define STDC_HEADERS 1
| #define HAVE_MATH_H 1
| #define HAVE_EXP 1
| #define HAVE_ROUNDF 1
| #define HAVE_POW 1
| #define HAVE_LIBAVCODEC_AVCODEC_H 1
| #define ENABLE_SDL2 1
| #define HAS_GSL 1
| #define HAS_PULSEAUDIO 1
| #define HAVE_LIBAVUTIL_VERSION_H 1
| #define HAS_GTK3 1
| #define HAVE_FPATHCONF 1
| #define HAVE_DIRFD 1
| /* end confdefs.h.  */
| #include <sys/types.h>
| 		#include <sys/param.h>
| 
| int
| main ()
| {
| #if BYTE_ORDER != BIG_ENDIAN
| 		 not big endian
| 		#endif
| 
|   ;
|   return 0;
| }
configure:19705: result: no
configure:19792: updating cache config.cache
configure:19836: checking that generated files are newer than configure
configure:19842: result: done
configure:19868: checking that generated files are newer than configure
configure:19874: result: done
configure:19918: creating ./config.status

## ---------------------- ##
## Running config.status. ##
## ---------------------- ##

This file was extended by guvcview config.status 2.0.5, which was
generated by GNU Autoconf 2.69.  Invocation command line was

  CONFIG_FILES    = 
  CONFIG_HEADERS  = 
  CONFIG_LINKS    = 
  CONFIG_COMMANDS = 
  $ ./config.status 

on clay-TECRA-R850

config.status:1326: creating Makefile
config.status:1326: creating pkgconfig/libgviewv4l2core.pc
config.status:1326: creating pkgconfig/libgviewaudio.pc
config.status:1326: creating pkgconfig/libgviewrender.pc
config.status:1326: creating pkgconfig/libgviewencoder.pc
config.status:1326: creating gview_v4l2core/Makefile
config.status:1326: creating gview_audio/Makefile
config.status:1326: creating gview_render/Makefile
config.status:1326: creating gview_encoder/Makefile
config.status:1326: creating guvcview/Makefile
config.status:1326: creating data/Makefile
config.status:1326: creating data/icons/Makefile
config.status:1326: creating data/guvcview.desktop.in
config.status:1326: creating data/guvcview.appdata.xml.in
config.status:1326: creating data/guvcview.in
config.status:1326: creating po/Makefile.in
config.status:1326: creating po/gview_v4l2core/Makefile.in
config.status:1326: creating config.h
config.status:1507: config.h is unchanged
config.status:1555: executing depfiles commands
config.status:1555: executing libtool commands
config.status:1555: executing default-1 commands
config.status:1555: executing po/stamp-it commands
config.status:1555: executing po/gview_v4l2core/stamp-it commands
configure:22405:

  guvcview 2.0.5
  ----------------------

  Prefix           : /usr/local
  Pulseaudio       : yes
  gsl              : yes
  sdl2             : yes
  sfml             : no
  mjpg decoder     : libavcodec
  gtk3             : yes
  Qt5              : no
  desktop file     : yes
  debian menu      : yes



## ---------------- ##
## Cache variables. ##
## ---------------- ##

ac_cv_build=x86_64-pc-linux-gnu
ac_cv_c_bigendian=no
ac_cv_c_compiler_gnu=yes
ac_cv_cxx_compiler_gnu=yes
ac_cv_env_CCC_set=
ac_cv_env_CCC_value=
ac_cv_env_CC_set=
ac_cv_env_CC_value=
ac_cv_env_CFLAGS_set=
ac_cv_env_CFLAGS_value=
ac_cv_env_CPPFLAGS_set=
ac_cv_env_CPPFLAGS_value=
ac_cv_env_CPP_set=
ac_cv_env_CPP_value=
ac_cv_env_CXXCPP_set=
ac_cv_env_CXXCPP_value=
ac_cv_env_CXXFLAGS_set=
ac_cv_env_CXXFLAGS_value=
ac_cv_env_CXX_set=
ac_cv_env_CXX_value=
ac_cv_env_GSL_CFLAGS_set=
ac_cv_env_GSL_CFLAGS_value=
ac_cv_env_GSL_LIBS_set=
ac_cv_env_GSL_LIBS_value=
ac_cv_env_GUIGTK3_CFLAGS_set=
ac_cv_env_GUIGTK3_CFLAGS_value=
ac_cv_env_GUIGTK3_LIBS_set=
ac_cv_env_GUIGTK3_LIBS_value=
ac_cv_env_GUIQT5_CFLAGS_set=
ac_cv_env_GUIQT5_CFLAGS_value=
ac_cv_env_GUIQT5_LIBS_set=
ac_cv_env_GUIQT5_LIBS_value=
ac_cv_env_GVIEWAUDIO_CFLAGS_set=
ac_cv_env_GVIEWAUDIO_CFLAGS_value=
ac_cv_env_GVIEWAUDIO_LIBS_set=
ac_cv_env_GVIEWAUDIO_LIBS_value=
ac_cv_env_GVIEWENCODER_CFLAGS_set=
ac_cv_env_GVIEWENCODER_CFLAGS_value=
ac_cv_env_GVIEWENCODER_LIBS_set=
ac_cv_env_GVIEWENCODER_LIBS_value=
ac_cv_env_GVIEWRENDER_CFLAGS_set=
ac_cv_env_GVIEWRENDER_CFLAGS_value=
ac_cv_env_GVIEWRENDER_LIBS_set=
ac_cv_env_GVIEWRENDER_LIBS_value=
ac_cv_env_GVIEWV4L2CORE_CFLAGS_set=
ac_cv_env_GVIEWV4L2CORE_CFLAGS_value=
ac_cv_env_GVIEWV4L2CORE_LIBS_set=
ac_cv_env_GVIEWV4L2CORE_LIBS_value=
ac_cv_env_LDFLAGS_set=
ac_cv_env_LDFLAGS_value=
ac_cv_env_LIBS_set=
ac_cv_env_LIBS_value=
ac_cv_env_LT_SYS_LIBRARY_PATH_set=
ac_cv_env_LT_SYS_LIBRARY_PATH_value=
ac_cv_env_PKG_CONFIG_LIBDIR_set=
ac_cv_env_PKG_CONFIG_LIBDIR_value=
ac_cv_env_PKG_CONFIG_PATH_set=
ac_cv_env_PKG_CONFIG_PATH_value=
ac_cv_env_PKG_CONFIG_set=
ac_cv_env_PKG_CONFIG_value=
ac_cv_env_PULSE_CFLAGS_set=
ac_cv_env_PULSE_CFLAGS_value=
ac_cv_env_PULSE_LIBS_set=
ac_cv_env_PULSE_LIBS_value=
ac_cv_env_SFML_CFLAGS_set=
ac_cv_env_SFML_CFLAGS_value=
ac_cv_env_SFML_LIBS_set=
ac_cv_env_SFML_LIBS_value=
ac_cv_env_build_alias_set=
ac_cv_env_build_alias_value=
ac_cv_env_host_alias_set=
ac_cv_env_host_alias_value=
ac_cv_env_target_alias_set=
ac_cv_env_target_alias_value=
ac_cv_func_bind_textdomain_codeset=yes
ac_cv_func_dcgettext=yes
ac_cv_func_dirfd=yes
ac_cv_func_fpathconf=yes
ac_cv_header_dlfcn_h=yes
ac_cv_header_ffmpeg_avcodec_h=no
ac_cv_header_inttypes_h=yes
ac_cv_header_libavcodec_avcodec_h=yes
ac_cv_header_libavutil_version_h=yes
ac_cv_header_libintl_h=yes
ac_cv_header_locale_h=yes
ac_cv_header_math_h=yes
ac_cv_header_memory_h=yes
ac_cv_header_stdc=yes
ac_cv_header_stdint_h=yes
ac_cv_header_stdlib_h=yes
ac_cv_header_string_h=yes
ac_cv_header_strings_h=yes
ac_cv_header_sys_stat_h=yes
ac_cv_header_sys_types_h=yes
ac_cv_header_unistd_h=yes
ac_cv_host=x86_64-pc-linux-gnu
ac_cv_lib_m_exp=yes
ac_cv_lib_m_pow=yes
ac_cv_lib_m_roundf=yes
ac_cv_objext=o
ac_cv_path_EGREP='/bin/grep -E'
ac_cv_path_FGREP='/bin/grep -F'
ac_cv_path_GMSGFMT=/usr/bin/msgfmt
ac_cv_path_GREP=/bin/grep
ac_cv_path_INTLTOOL_EXTRACT=/usr/bin/intltool-extract
ac_cv_path_INTLTOOL_MERGE=/usr/bin/intltool-merge
ac_cv_path_INTLTOOL_PERL=/usr/bin/perl
ac_cv_path_INTLTOOL_UPDATE=/usr/bin/intltool-update
ac_cv_path_MSGFMT=/usr/bin/msgfmt
ac_cv_path_MSGMERGE=/usr/bin/msgmerge
ac_cv_path_SED=/bin/sed
ac_cv_path_XGETTEXT=/usr/bin/xgettext
ac_cv_path_ac_pt_PKG_CONFIG=/usr/bin/pkg-config
ac_cv_path_install='/usr/bin/install -c'
ac_cv_path_lt_DD=/bin/dd
ac_cv_path_mkdir=/bin/mkdir
ac_cv_prog_AWK=gawk
ac_cv_prog_CPP='clang -E'
ac_cv_prog_CXXCPP='clang++ -E'
ac_cv_prog_ac_ct_AR=ar
ac_cv_prog_ac_ct_CC=clang
ac_cv_prog_ac_ct_CXX=clang++
ac_cv_prog_ac_ct_MANIFEST_TOOL=mt
ac_cv_prog_ac_ct_OBJDUMP=objdump
ac_cv_prog_ac_ct_RANLIB=ranlib
ac_cv_prog_ac_ct_STRIP=strip
ac_cv_prog_cc_c89=
ac_cv_prog_cc_g=yes
ac_cv_prog_cxx_c_o=yes
ac_cv_prog_cxx_g=yes
ac_cv_prog_make_make_set=yes
ac_cv_sys_file_offset_bits=no
ac_cv_sys_largefile_CC=no
am_cv_CC_dependencies_compiler_type=gcc3
am_cv_CXX_dependencies_compiler_type=gcc3
am_cv_make_support_nested_variables=yes
am_cv_prog_cc_c_o=yes
am_cv_val_LC_MESSAGES=yes
gt_cv_func_dgettext_libc=yes
gt_cv_func_dgettext_libintl=no
gt_cv_func_ngettext_libc=yes
gt_cv_have_gettext=yes
lt_cv_ar_at_file=@
lt_cv_archive_cmds_need_lc=no
lt_cv_deplibs_check_method=pass_all
lt_cv_file_magic_cmd='$MAGIC_CMD'
lt_cv_file_magic_test_file=
lt_cv_ld_reload_flag=-r
lt_cv_nm_interface='BSD nm'
lt_cv_objdir=.libs
lt_cv_path_LD=/usr/bin/ld
lt_cv_path_LDCXX='/usr/bin/ld -m elf_x86_64'
lt_cv_path_NM='/usr/bin/nm -B'
lt_cv_path_mainfest_tool=no
lt_cv_prog_compiler_c_o=yes
lt_cv_prog_compiler_c_o_CXX=yes
lt_cv_prog_compiler_pic='-fPIC -DPIC'
lt_cv_prog_compiler_pic_CXX='-fPIC -DPIC'
lt_cv_prog_compiler_pic_works=yes
lt_cv_prog_compiler_pic_works_CXX=yes
lt_cv_prog_compiler_rtti_exceptions=yes
lt_cv_prog_compiler_static_works=yes
lt_cv_prog_compiler_static_works_CXX=yes
lt_cv_prog_gnu_ld=yes
lt_cv_prog_gnu_ldcxx=yes
lt_cv_sharedlib_from_linklib_cmd='printf %s\n'
lt_cv_shlibpath_overrides_runpath=yes
lt_cv_sys_global_symbol_pipe='sed -n -e '\''s/^.*[	 ]\([ABCDGIRSTW][ABCDGIRSTW]*\)[	 ][	 ]*\([_A-Za-z][_A-Za-z0-9]*\)$/\1 \2 \2/p'\'' | sed '\''/ __gnu_lto/d'\'''
lt_cv_sys_global_symbol_to_c_name_address='sed -n -e '\''s/^: \(.*\) .*$/  {"\1", (void *) 0},/p'\'' -e '\''s/^[ABCDGIRSTW][ABCDGIRSTW]* .* \(.*\)$/  {"\1", (void *) \&\1},/p'\'''
lt_cv_sys_global_symbol_to_c_name_address_lib_prefix='sed -n -e '\''s/^: \(.*\) .*$/  {"\1", (void *) 0},/p'\'' -e '\''s/^[ABCDGIRSTW][ABCDGIRSTW]* .* \(lib.*\)$/  {"\1", (void *) \&\1},/p'\'' -e '\''s/^[ABCDGIRSTW][ABCDGIRSTW]* .* \(.*\)$/  {"lib\1", (void *) \&\1},/p'\'''
lt_cv_sys_global_symbol_to_cdecl='sed -n -e '\''s/^T .* \(.*\)$/extern int \1();/p'\'' -e '\''s/^[ABCDGIRSTW][ABCDGIRSTW]* .* \(.*\)$/extern char \1;/p'\'''
lt_cv_sys_global_symbol_to_import=
lt_cv_sys_max_cmd_len=1572864
lt_cv_to_host_file_cmd=func_convert_file_noop
lt_cv_to_tool_file_cmd=func_convert_file_noop
lt_cv_truncate_bin='/bin/dd bs=4096 count=1'
pkg_cv_GSL_CFLAGS=
pkg_cv_GSL_LIBS='-lgsl -lgslcblas -lm'
pkg_cv_GUIGTK3_CFLAGS='-pthread -I/usr/include/gtk-3.0 -I/usr/include/at-spi2-atk/2.0 -I/usr/include/at-spi-2.0 -I/usr/include/dbus-1.0 -I/usr/lib/x86_64-linux-gnu/dbus-1.0/include -I/usr/include/gtk-3.0 -I/usr/include/gio-unix-2.0/ -I/usr/include/cairo -I/usr/include/pango-1.0 -I/usr/include/harfbuzz -I/usr/include/pango-1.0 -I/usr/include/atk-1.0 -I/usr/include/cairo -I/usr/include/pixman-1 -I/usr/include/freetype2 -I/usr/include/libpng16 -I/usr/include/freetype2 -I/usr/include/libpng16 -I/usr/include/gdk-pixbuf-2.0 -I/usr/include/libpng16 -I/usr/include/glib-2.0 -I/usr/lib/x86_64-linux-gnu/glib-2.0/include'
pkg_cv_GUIGTK3_LIBS='-lgtk-3 -lgdk-3 -lpangocairo-1.0 -lpango-1.0 -latk-1.0 -lcairo-gobject -lcairo -lgdk_pixbuf-2.0 -lgio-2.0 -lgobject-2.0 -lglib-2.0'
pkg_cv_GVIEWAUDIO_CFLAGS=-pthread
pkg_cv_GVIEWAUDIO_LIBS='-lportaudio -lasound -lm -lpthread'
pkg_cv_GVIEWENCODER_CFLAGS=-I/usr/include/x86_64-linux-gnu
pkg_cv_GVIEWENCODER_LIBS='-lavcodec -lavutil'
pkg_cv_GVIEWRENDER_CFLAGS='-D_REENTRANT -I/usr/include/SDL2'
pkg_cv_GVIEWRENDER_LIBS=-lSDL2
pkg_cv_GVIEWV4L2CORE_CFLAGS='-I/usr/include/libusb-1.0 -I/usr/include/x86_64-linux-gnu -I/usr/include/libpng16'
pkg_cv_GVIEWV4L2CORE_LIBS='-lv4l2 -ludev -lusb-1.0 -lavcodec -lavutil -lpng16 -lz'
pkg_cv_PULSE_CFLAGS=-D_REENTRANT
pkg_cv_PULSE_LIBS=-lpulse

## ----------------- ##
## Output variables. ##
## ----------------- ##

ACLOCAL='${SHELL} /home/clay/Downloads/guvcview-src-2.0.5/missing aclocal-1.15'
ALL_LINGUAS='bg bs cs da de en_AU es eu fo fr gl he hr it ja lv nl pl pt pt_BR ru si sr tr uk zh_TW'
AMDEPBACKSLASH='\'
AMDEP_FALSE='#'
AMDEP_TRUE=''
AMTAR='$${TAR-tar}'
AM_BACKSLASH='\'
AM_DEFAULT_V='$(AM_DEFAULT_VERBOSITY)'
AM_DEFAULT_VERBOSITY='0'
AM_V='$(V)'
AR='ar'
AUTOCONF='${SHELL} /home/clay/Downloads/guvcview-src-2.0.5/missing autoconf'
AUTOHEADER='${SHELL} /home/clay/Downloads/guvcview-src-2.0.5/missing autoheader'
AUTOMAKE='${SHELL} /home/clay/Downloads/guvcview-src-2.0.5/missing automake-1.15'
AWK='gawk'
CATALOGS=' bg.gmo bs.gmo cs.gmo da.gmo de.gmo en_AU.gmo es.gmo eu.gmo fo.gmo fr.gmo gl.gmo he.gmo hr.gmo it.gmo ja.gmo lv.gmo nl.gmo pl.gmo pt.gmo pt_BR.gmo ru.gmo si.gmo sr.gmo tr.gmo uk.gmo zh_TW.gmo'
CATOBJEXT='.gmo'
CC='clang'
CCDEPMODE='depmode=gcc3'
CFLAGS='-g -O2'
CPP='clang -E'
CPPFLAGS=''
CXX='clang++'
CXXCPP='clang++ -E'
CXXDEPMODE='depmode=gcc3'
CXXFLAGS='-g -O2'
CYGPATH_W='echo'
DATADIRNAME='share'
DEBIAN_MENU_FALSE='#'
DEBIAN_MENU_TRUE=''
DEFS='-DHAVE_CONFIG_H'
DEPDIR='.deps'
DESKTOP_FALSE='#'
DESKTOP_TRUE=''
DLLTOOL='false'
DSYMUTIL=''
DUMPBIN=''
ECHO_C=''
ECHO_N='-n'
ECHO_T=''
EGREP='/bin/grep -E'
ENABLE_SDL2_FALSE='#'
ENABLE_SDL2_TRUE=''
ENABLE_SFML_FALSE=''
ENABLE_SFML_TRUE='#'
EXEEXT=''
FGREP='/bin/grep -F'
GETTEXT_PACKAGE='guvcview'
GETTEXT_PACKAGE_V4L2CORE='gview_v4l2core'
GMOFILES=' bg.gmo bs.gmo cs.gmo da.gmo de.gmo en_AU.gmo es.gmo eu.gmo fo.gmo fr.gmo gl.gmo he.gmo hr.gmo it.gmo ja.gmo lv.gmo nl.gmo pl.gmo pt.gmo pt_BR.gmo ru.gmo si.gmo sr.gmo tr.gmo uk.gmo zh_TW.gmo'
GMSGFMT='/usr/bin/msgfmt'
GREP='/bin/grep'
GSL_CFLAGS=''
GSL_LIBS='-lgsl -lgslcblas -lm'
GUIGTK3_CFLAGS='-pthread -I/usr/include/gtk-3.0 -I/usr/include/at-spi2-atk/2.0 -I/usr/include/at-spi-2.0 -I/usr/include/dbus-1.0 -I/usr/lib/x86_64-linux-gnu/dbus-1.0/include -I/usr/include/gtk-3.0 -I/usr/include/gio-unix-2.0/ -I/usr/include/cairo -I/usr/include/pango-1.0 -I/usr/include/harfbuzz -I/usr/include/pango-1.0 -I/usr/include/atk-1.0 -I/usr/include/cairo -I/usr/include/pixman-1 -I/usr/include/freetype2 -I/usr/include/libpng16 -I/usr/include/freetype2 -I/usr/include/libpng16 -I/usr/include/gdk-pixbuf-2.0 -I/usr/include/libpng16 -I/usr/include/glib-2.0 -I/usr/lib/x86_64-linux-gnu/glib-2.0/include'
GUIGTK3_LIBS='-lgtk-3 -lgdk-3 -lpangocairo-1.0 -lpango-1.0 -latk-1.0 -lcairo-gobject -lcairo -lgdk_pixbuf-2.0 -lgio-2.0 -lgobject-2.0 -lglib-2.0'
GUIQT5_CFLAGS=''
GUIQT5_LIBS=''
GVIEWAUDIO_API_VERSION='2.0'
GVIEWAUDIO_CFLAGS='-pthread'
GVIEWAUDIO_LD_NAME='gviewaudio'
GVIEWAUDIO_LIBRARY_NAME='libgviewaudio'
GVIEWAUDIO_LIBRARY_VERSION='2:0:0'
GVIEWAUDIO_LIBS='-lportaudio -lasound -lm -lpthread'
GVIEWENCODER_API_VERSION='2.0'
GVIEWENCODER_CFLAGS='-I/usr/include/x86_64-linux-gnu'
GVIEWENCODER_LD_NAME='gviewencoder'
GVIEWENCODER_LIBRARY_NAME='libgviewencoder'
GVIEWENCODER_LIBRARY_VERSION='2:0:0'
GVIEWENCODER_LIBS='-lavcodec -lavutil'
GVIEWRENDER_API_VERSION='2.0'
GVIEWRENDER_CFLAGS='-D_REENTRANT -I/usr/include/SDL2'
GVIEWRENDER_LD_NAME='gviewrender'
GVIEWRENDER_LIBRARY_NAME='libgviewrender'
GVIEWRENDER_LIBRARY_VERSION='2:0:0'
GVIEWRENDER_LIBS='-lSDL2'
GVIEWV4L2CORE_API_VERSION='2.0'
GVIEWV4L2CORE_CFLAGS='-I/usr/include/libusb-1.0 -I/usr/include/x86_64-linux-gnu -I/usr/include/libpng16'
GVIEWV4L2CORE_LD_NAME='gviewv4l2core'
GVIEWV4L2CORE_LIBRARY_NAME='libgviewv4l2core'
GVIEWV4L2CORE_LIBRARY_VERSION='2:0:0'
GVIEWV4L2CORE_LIBS='-lv4l2 -ludev -lusb-1.0 -lavcodec -lavutil -lpng16 -lz'
HAVE_GTK3_FALSE='#'
HAVE_GTK3_TRUE=''
HAVE_PULSEAUDIO_FALSE='#'
HAVE_PULSEAUDIO_TRUE=''
HAVE_QT5_FALSE=''
HAVE_QT5_TRUE='#'
INSTALL_DATA='${INSTALL} -m 644'
INSTALL_PROGRAM='${INSTALL}'
INSTALL_SCRIPT='${INSTALL}'
INSTALL_STRIP_PROGRAM='$(install_sh) -c -s'
INSTOBJEXT='.mo'
INTLLIBS=''
INTLTOOL_CAVES_RULE='%.caves:     %.caves.in     $(INTLTOOL_MERGE) $(wildcard $(top_srcdir)/po/*.po) ; $(INTLTOOL_V_MERGE)LC_ALL=C $(INTLTOOL_MERGE) $(INTLTOOL_V_MERGE_OPTIONS) -d -u -c $(top_builddir)/po/.intltool-merge-cache $(top_srcdir)/po $< $@'
INTLTOOL_DESKTOP_RULE='%.desktop:   %.desktop.in   $(INTLTOOL_MERGE) $(wildcard $(top_srcdir)/po/*.po) ; $(INTLTOOL_V_MERGE)LC_ALL=C $(INTLTOOL_MERGE) $(INTLTOOL_V_MERGE_OPTIONS) -d -u -c $(top_builddir)/po/.intltool-merge-cache $(top_srcdir)/po $< $@'
INTLTOOL_DIRECTORY_RULE='%.directory: %.directory.in $(INTLTOOL_MERGE) $(wildcard $(top_srcdir)/po/*.po) ; $(INTLTOOL_V_MERGE)LC_ALL=C $(INTLTOOL_MERGE) $(INTLTOOL_V_MERGE_OPTIONS) -d -u -c $(top_builddir)/po/.intltool-merge-cache $(top_srcdir)/po $< $@'
INTLTOOL_EXTRACT='/usr/bin/intltool-extract'
INTLTOOL_KBD_RULE='%.kbd:       %.kbd.in       $(INTLTOOL_MERGE) $(wildcard $(top_srcdir)/po/*.po) ; $(INTLTOOL_V_MERGE)LC_ALL=C $(INTLTOOL_MERGE) $(INTLTOOL_V_MERGE_OPTIONS) -x -u -m -c $(top_builddir)/po/.intltool-merge-cache $(top_srcdir)/po $< $@'
INTLTOOL_KEYS_RULE='%.keys:      %.keys.in      $(INTLTOOL_MERGE) $(wildcard $(top_srcdir)/po/*.po) ; $(INTLTOOL_V_MERGE)LC_ALL=C $(INTLTOOL_MERGE) $(INTLTOOL_V_MERGE_OPTIONS) -k -u -c $(top_builddir)/po/.intltool-merge-cache $(top_srcdir)/po $< $@'
INTLTOOL_MERGE='/usr/bin/intltool-merge'
INTLTOOL_OAF_RULE='%.oaf:       %.oaf.in       $(INTLTOOL_MERGE) $(wildcard $(top_srcdir)/po/*.po) ; $(INTLTOOL_V_MERGE)LC_ALL=C $(INTLTOOL_MERGE) $(INTLTOOL_V_MERGE_OPTIONS) -o -p $(top_srcdir)/po $< $@'
INTLTOOL_PERL='/usr/bin/perl'
INTLTOOL_POLICY_RULE='%.policy:    %.policy.in    $(INTLTOOL_MERGE) $(wildcard $(top_srcdir)/po/*.po) ; $(INTLTOOL_V_MERGE)LC_ALL=C $(INTLTOOL_MERGE) $(INTLTOOL_V_MERGE_OPTIONS) -x -u -c $(top_builddir)/po/.intltool-merge-cache $(top_srcdir)/po $< $@'
INTLTOOL_PONG_RULE='%.pong:      %.pong.in      $(INTLTOOL_MERGE) $(wildcard $(top_srcdir)/po/*.po) ; $(INTLTOOL_V_MERGE)LC_ALL=C $(INTLTOOL_MERGE) $(INTLTOOL_V_MERGE_OPTIONS) -x -u -c $(top_builddir)/po/.intltool-merge-cache $(top_srcdir)/po $< $@'
INTLTOOL_PROP_RULE='%.prop:      %.prop.in      $(INTLTOOL_MERGE) $(wildcard $(top_srcdir)/po/*.po) ; $(INTLTOOL_V_MERGE)LC_ALL=C $(INTLTOOL_MERGE) $(INTLTOOL_V_MERGE_OPTIONS) -d -u -c $(top_builddir)/po/.intltool-merge-cache $(top_srcdir)/po $< $@'
INTLTOOL_SCHEMAS_RULE='%.schemas:   %.schemas.in   $(INTLTOOL_MERGE) $(wildcard $(top_srcdir)/po/*.po) ; $(INTLTOOL_V_MERGE)LC_ALL=C $(INTLTOOL_MERGE) $(INTLTOOL_V_MERGE_OPTIONS) -s -u -c $(top_builddir)/po/.intltool-merge-cache $(top_srcdir)/po $< $@'
INTLTOOL_SERVER_RULE='%.server:    %.server.in    $(INTLTOOL_MERGE) $(wildcard $(top_srcdir)/po/*.po) ; $(INTLTOOL_V_MERGE)LC_ALL=C $(INTLTOOL_MERGE) $(INTLTOOL_V_MERGE_OPTIONS) -o -u -c $(top_builddir)/po/.intltool-merge-cache $(top_srcdir)/po $< $@'
INTLTOOL_SERVICE_RULE='%.service: %.service.in   $(INTLTOOL_MERGE) $(wildcard $(top_srcdir)/po/*.po) ; $(INTLTOOL_V_MERGE)LC_ALL=C $(INTLTOOL_MERGE) $(INTLTOOL_V_MERGE_OPTIONS) -d -u -c $(top_builddir)/po/.intltool-merge-cache $(top_srcdir)/po $< $@'
INTLTOOL_SHEET_RULE='%.sheet:     %.sheet.in     $(INTLTOOL_MERGE) $(wildcard $(top_srcdir)/po/*.po) ; $(INTLTOOL_V_MERGE)LC_ALL=C $(INTLTOOL_MERGE) $(INTLTOOL_V_MERGE_OPTIONS) -x -u -c $(top_builddir)/po/.intltool-merge-cache $(top_srcdir)/po $< $@'
INTLTOOL_SOUNDLIST_RULE='%.soundlist: %.soundlist.in $(INTLTOOL_MERGE) $(wildcard $(top_srcdir)/po/*.po) ; $(INTLTOOL_V_MERGE)LC_ALL=C $(INTLTOOL_MERGE) $(INTLTOOL_V_MERGE_OPTIONS) -d -u -c $(top_builddir)/po/.intltool-merge-cache $(top_srcdir)/po $< $@'
INTLTOOL_THEME_RULE='%.theme:     %.theme.in     $(INTLTOOL_MERGE) $(wildcard $(top_srcdir)/po/*.po) ; $(INTLTOOL_V_MERGE)LC_ALL=C $(INTLTOOL_MERGE) $(INTLTOOL_V_MERGE_OPTIONS) -d -u -c $(top_builddir)/po/.intltool-merge-cache $(top_srcdir)/po $< $@'
INTLTOOL_UI_RULE='%.ui:        %.ui.in        $(INTLTOOL_MERGE) $(wildcard $(top_srcdir)/po/*.po) ; $(INTLTOOL_V_MERGE)LC_ALL=C $(INTLTOOL_MERGE) $(INTLTOOL_V_MERGE_OPTIONS) -x -u -c $(top_builddir)/po/.intltool-merge-cache $(top_srcdir)/po $< $@'
INTLTOOL_UPDATE='/usr/bin/intltool-update'
INTLTOOL_V_MERGE='$(INTLTOOL__v_MERGE_$(V))'
INTLTOOL_V_MERGE_OPTIONS='$(intltool__v_merge_options_$(V))'
INTLTOOL_XAM_RULE='%.xam:       %.xml.in       $(INTLTOOL_MERGE) $(wildcard $(top_srcdir)/po/*.po) ; $(INTLTOOL_V_MERGE)LC_ALL=C $(INTLTOOL_MERGE) $(INTLTOOL_V_MERGE_OPTIONS) -x -u -c $(top_builddir)/po/.intltool-merge-cache $(top_srcdir)/po $< $@'
INTLTOOL_XML_NOMERGE_RULE='%.xml:       %.xml.in       $(INTLTOOL_MERGE) ; $(INTLTOOL_V_MERGE)LC_ALL=C $(INTLTOOL_MERGE) $(INTLTOOL_V_MERGE_OPTIONS) -x -u --no-translations $< $@'
INTLTOOL_XML_RULE='%.xml:       %.xml.in       $(INTLTOOL_MERGE) $(wildcard $(top_srcdir)/po/*.po) ; $(INTLTOOL_V_MERGE)LC_ALL=C $(INTLTOOL_MERGE) $(INTLTOOL_V_MERGE_OPTIONS) -x -u -c $(top_builddir)/po/.intltool-merge-cache $(top_srcdir)/po $< $@'
INTLTOOL__v_MERGE_0='@echo "  ITMRG " $@;'
INTLTOOL__v_MERGE_='$(INTLTOOL__v_MERGE_$(AM_DEFAULT_VERBOSITY))'
LD='/usr/bin/ld -m elf_x86_64'
LDFLAGS=''
LIBOBJS=''
LIBS=''
LIBTOOL='$(SHELL) $(top_builddir)/libtool'
LIPO=''
LN_S='ln -s'
LTLIBOBJS=''
LT_SYS_LIBRARY_PATH=''
MAINT='#'
MAINTAINER_MODE_FALSE=''
MAINTAINER_MODE_TRUE='#'
MAKEINFO='${SHELL} /home/clay/Downloads/guvcview-src-2.0.5/missing makeinfo'
MANIFEST_TOOL=':'
MKDIR_P='/bin/mkdir -p'
MKINSTALLDIRS='./mkinstalldirs'
MOC=''
MSGFMT='/usr/bin/msgfmt'
MSGFMT_OPTS='-c'
MSGMERGE='/usr/bin/msgmerge'
NM='/usr/bin/nm -B'
NMEDIT=''
OBJDUMP='objdump'
OBJEXT='o'
OTOOL64=''
OTOOL=''
PACKAGE='guvcview'
PACKAGE_BUGREPORT='http://guvcview.sourceforge.net/'
PACKAGE_NAME='guvcview'
PACKAGE_RELEASE='2'
PACKAGE_STRING='guvcview 2.0.5'
PACKAGE_TARNAME='guvcview'
PACKAGE_URL=''
PACKAGE_VERSION='2.0.5'
PATH_SEPARATOR=':'
PKG_CONFIG='/usr/bin/pkg-config'
PKG_CONFIG_LIBDIR=''
PKG_CONFIG_PATH=''
POFILES=' bg.po bs.po cs.po da.po de.po en_AU.po es.po eu.po fo.po fr.po gl.po he.po hr.po it.po ja.po lv.po nl.po pl.po pt.po pt_BR.po ru.po si.po sr.po tr.po uk.po zh_TW.po'
POSUB='po'
PO_IN_DATADIR_FALSE=''
PO_IN_DATADIR_TRUE=''
PTHREAD_CC='clang'
PTHREAD_CFLAGS='-pthread'
PTHREAD_LIBS=''
PULSE_CFLAGS='-D_REENTRANT'
PULSE_LIBS='-lpulse'
RANLIB='ranlib'
SED='/bin/sed'
SET_MAKE=''
SFML_CFLAGS=''
SFML_LIBS=''
SHELL='/bin/bash'
STRIP='strip'
USE_NLS='yes'
VERSION='2.0.5'
XGETTEXT='/usr/bin/xgettext'
ac_ct_AR='ar'
ac_ct_CC='clang'
ac_ct_CXX='clang++'
ac_ct_DUMPBIN=''
ac_ct_MOC=''
acx_pthread_config=''
am__EXEEXT_FALSE=''
am__EXEEXT_TRUE='#'
am__fastdepCC_FALSE='#'
am__fastdepCC_TRUE=''
am__fastdepCXX_FALSE='#'
am__fastdepCXX_TRUE=''
am__include='include'
am__isrc=''
am__leading_dot='.'
am__nodep='_no'
am__quote=''
am__tar='$${TAR-tar} chof - "$$tardir"'
am__untar='$${TAR-tar} xf -'
bindir='${exec_prefix}/bin'
build='x86_64-pc-linux-gnu'
build_alias=''
build_cpu='x86_64'
build_os='linux-gnu'
build_vendor='pc'
datadir='${datarootdir}'
datarootdir='${prefix}/share'
docdir='${datarootdir}/doc/${PACKAGE_TARNAME}'
dvidir='${docdir}'
exec_prefix='${prefix}'
host='x86_64-pc-linux-gnu'
host_alias=''
host_cpu='x86_64'
host_os='linux-gnu'
host_vendor='pc'
htmldir='${docdir}'
includedir='${prefix}/include'
infodir='${datarootdir}/info'
install_sh='${SHELL} /home/clay/Downloads/guvcview-src-2.0.5/install-sh'
intltool__v_merge_options_0='-q'
intltool__v_merge_options_='$(intltool__v_merge_options_$(AM_DEFAULT_VERBOSITY))'
libdir='${exec_prefix}/lib'
libexecdir='${exec_prefix}/libexec'
localedir='${datarootdir}/locale'
localstatedir='${prefix}/var'
mandir='${datarootdir}/man'
mkdir_p='$(MKDIR_P)'
oldincludedir='/usr/include'
pdfdir='${docdir}'
prefix='/usr/local'
program_transform_name='s,x,x,'
psdir='${docdir}'
runstatedir='${localstatedir}/run'
sbindir='${exec_prefix}/sbin'
sharedstatedir='${prefix}/com'
sysconfdir='${prefix}/etc'
target_alias=''

## ----------- ##
## confdefs.h. ##
## ----------- ##

/* confdefs.h */
#define PACKAGE_NAME "guvcview"
#define PACKAGE_TARNAME "guvcview"
#define PACKAGE_VERSION "2.0.5"
#define PACKAGE_STRING "guvcview 2.0.5"
#define PACKAGE_BUGREPORT "http://guvcview.sourceforge.net/"
#define PACKAGE_URL ""
#define PACKAGE_RELEASE "2"
#define PACKAGE "guvcview"
#define VERSION "2.0.5"
#define STDC_HEADERS 1
#define HAVE_SYS_TYPES_H 1
#define HAVE_SYS_STAT_H 1
#define HAVE_STDLIB_H 1
#define HAVE_STRING_H 1
#define HAVE_MEMORY_H 1
#define HAVE_STRINGS_H 1
#define HAVE_INTTYPES_H 1
#define HAVE_STDINT_H 1
#define HAVE_UNISTD_H 1
#define HAVE_DLFCN_H 1
#define LT_OBJDIR ".libs/"
#define HAVE_PTHREAD 1
#define GETTEXT_PACKAGE_V4L2CORE "gview_v4l2core"
#define GETTEXT_PACKAGE "guvcview"
#define HAVE_LOCALE_H 1
#define HAVE_LC_MESSAGES 1
#define HAVE_BIND_TEXTDOMAIN_CODESET 1
#define HAVE_GETTEXT 1
#define HAVE_DCGETTEXT 1
#define ENABLE_NLS 1
#define STDC_HEADERS 1
#define HAVE_MATH_H 1
#define HAVE_EXP 1
#define HAVE_ROUNDF 1
#define HAVE_POW 1
#define HAVE_LIBAVCODEC_AVCODEC_H 1
#define ENABLE_SDL2 1
#define HAS_GSL 1
#define HAS_PULSEAUDIO 1
#define HAVE_LIBAVUTIL_VERSION_H 1
#define HAS_GTK3 1
#define HAVE_FPATHCONF 1
#define HAVE_DIRFD 1

configure: exit 0
